INFO:root:Start at 1589394694
INFO:root:Point C 1589394695
INFO:root:Point D 1589394695
INFO:root:Point C 1589394695
INFO:root:Point D 1589394696
INFO:root:Point C 1589394696
INFO:root:Point D 1589394696
INFO:root:Point C 1589394697
INFO:root:Point D 1589394697
INFO:root:Point C 1589394697
INFO:root:Point D 1589394698
INFO:root:Point C 1589394698
INFO:root:Point D 1589394699
INFO:root:Point C 1589394699
INFO:root:Point D 1589394699
INFO:root:Point C 1589394699
INFO:root:Point D 1589394700
INFO:root:Point C 1589394700
INFO:root:Point D 1589394701
INFO:root:Point C 1589394701
INFO:root:Point D 1589394701
INFO:root:Point C 1589394702
INFO:root:Point D 1589394702
INFO:root:Point C 1589394702
INFO:root:Point D 1589394703
INFO:root:Point C 1589394703
INFO:root:Point D 1589394703
INFO:root:Point C 1589394704
INFO:root:Point D 1589394704
INFO:root:Point C 1589394704
INFO:root:Point D 1589394705
INFO:root:Start at 1589394837
INFO:root:Point C 1589394838
INFO:root:Point D 1589394839
INFO:root:Point C 1589394840
INFO:root:Point D 1589394841
INFO:root:Point C 1589394842
INFO:root:Point D 1589394843
INFO:root:Point C 1589394844
INFO:root:Point D 1589394845
INFO:root:Point C 1589394846
INFO:root:Point D 1589394847
INFO:root:Point C 1589394848
INFO:root:Point D 1589394849
INFO:root:Point C 1589394850
INFO:root:Point D 1589394851
INFO:root:Point C 1589394852
INFO:root:Point D 1589394853
INFO:root:Point C 1589394854
INFO:root:Point D 1589394855
INFO:root:Point C 1589394856
INFO:root:Point D 1589394857
INFO:root:Point C 1589394858
INFO:root:Point D 1589394859
INFO:root:Point C 1589394860
INFO:root:Point D 1589394861
INFO:root:Point C 1589394862
INFO:root:Point D 1589394863
INFO:root:Point C 1589394864
INFO:root:Point D 1589394865
INFO:root:Point C 1589394866
INFO:root:Point D 1589394867
INFO:root:Point C 1589394868
INFO:root:Point D 1589394869
INFO:root:Point C 1589394870
INFO:root:Point D 1589394871
INFO:root:Point C 1589394872
INFO:root:Point D 1589394873
INFO:root:Point C 1589394874
INFO:root:Point D 1589394875
INFO:root:Point C 1589394876
INFO:root:Point D 1589394877
INFO:root:Point C 1589394878
INFO:root:Point D 1589394879
INFO:root:Start at 1589394912
INFO:root:Point A 1589394913
INFO:root:Point C 1589394913
INFO:root:Point B 1589394914
INFO:root:Point D 1589394914
INFO:root:Point A 1589394915
INFO:root:Point C 1589394915
INFO:root:Point B 1589394916
INFO:root:Point D 1589394916
INFO:root:Point A 1589394917
INFO:root:Point C 1589394917
INFO:root:Point B 1589394918
INFO:root:Point D 1589394918
INFO:root:Point A 1589394919
INFO:root:Point C 1589394919
INFO:root:Point B 1589394920
INFO:root:Point D 1589394920
INFO:root:Start at 1589394949
INFO:root:Point A 1589394950
INFO:root:Point C 1589394950
INFO:root:Point B 1589394951
INFO:root:Point D 1589394951
INFO:root:Point A 1589394952
INFO:root:Point C 1589394952
INFO:root:Point B 1589394953
INFO:root:Point D 1589394953
INFO:root:Point A 1589394954
INFO:root:Point C 1589394954
INFO:root:Point B 1589394955
INFO:root:Point D 1589394955
INFO:root:Point A 1589394956
INFO:root:Point C 1589394956
INFO:root:Point B 1589394957
INFO:root:Point D 1589394958
INFO:root:Point A 1589394958
INFO:root:Point C 1589394959
INFO:root:Point B 1589394959
INFO:root:Point D 1589394960
INFO:root:Point A 1589394960
INFO:root:Point B 1589394961
INFO:root:Point C 1589394961
INFO:root:Point A 1589394962
INFO:root:Point D 1589394962
INFO:root:Point B 1589394963
INFO:root:Point C 1589394963
INFO:root:Point A 1589394964
INFO:root:Point D 1589394964
INFO:root:Point B 1589394965
INFO:root:Point C 1589394965
INFO:root:Point A 1589394966
INFO:root:Point D 1589394966
INFO:root:Point B 1589394967
INFO:root:Point C 1589394967
INFO:root:Point A 1589394968
INFO:root:Point D 1589394969
INFO:root:Point B 1589394969
INFO:root:Point C 1589394970
INFO:root:Point A 1589394970
INFO:root:Point D 1589394971
INFO:root:Point B 1589394971
INFO:root:Point A 1589394972
INFO:root:Point C 1589394972
INFO:root:Point B 1589394973
INFO:root:Point D 1589394973
INFO:root:Point A 1589394974
INFO:root:Point C 1589394974
INFO:root:Point B 1589394975
INFO:root:Point D 1589394975
INFO:root:Point A 1589394976
INFO:root:Point C 1589394976
INFO:root:Point B 1589394977
INFO:root:Point D 1589394977
INFO:root:Point A 1589394978
INFO:root:Point C 1589394978
INFO:root:Point B 1589394979
INFO:root:Point D 1589394980
INFO:root:Point A 1589394980
INFO:root:Point C 1589394981
INFO:root:Point B 1589394981
INFO:root:Point D 1589394982
INFO:root:Point A 1589394982
INFO:root:Start at 1589394986
INFO:root:Point C 1589394986
INFO:root:Point D 1589394986
INFO:root:Point A 1589394987
INFO:root:Point C 1589394987
INFO:root:Point D 1589394987
INFO:root:Point B 1589394988
INFO:root:Point C 1589394988
INFO:root:Point D 1589394988
INFO:root:Point C 1589394988
INFO:root:Point D 1589394988
INFO:root:Point A 1589394989
INFO:root:Point C 1589394989
INFO:root:Point D 1589394989
INFO:root:Point B 1589394990
INFO:root:Point C 1589394990
INFO:root:Point D 1589394990
INFO:root:Point C 1589394990
INFO:root:Point D 1589394990
INFO:root:Point A 1589394991
INFO:root:Point C 1589394991
INFO:root:Point D 1589394991
INFO:root:Point B 1589394992
INFO:root:Point C 1589394992
INFO:root:Point D 1589394992
INFO:root:Point C 1589394992
INFO:root:Point A 1589394993
INFO:root:Point D 1589394993
INFO:root:Point C 1589394993
INFO:root:Point D 1589394993
INFO:root:Point B 1589394994
INFO:root:Point C 1589394994
INFO:root:Point D 1589394994
INFO:root:Point A 1589394995
INFO:root:Point C 1589394995
INFO:root:Point D 1589394995
INFO:root:Point C 1589394995
INFO:root:Point D 1589394995
INFO:root:Point B 1589394996
INFO:root:Point C 1589394996
INFO:root:Point D 1589394996
INFO:root:Point A 1589394997
INFO:root:Point C 1589394997
INFO:root:Point D 1589394997
INFO:root:Point C 1589394997
INFO:root:Point D 1589394997
INFO:root:Point B 1589394998
INFO:root:Point C 1589394998
INFO:root:Point D 1589394998
INFO:root:Point A 1589394999
INFO:root:Start at 1589395336
INFO:root:Point C 1589395337
INFO:root:Point D 1589395337
INFO:root:Point A 1589395337
INFO:root:Point C 1589395338
INFO:root:Point D 1589395338
INFO:root:Point B 1589395338
INFO:root:Point C 1589395338
INFO:root:Point D 1589395339
