2020-06-15 20:08:44,414 Calibration start
2020-06-15 20:08:44,422 Targets read and returned: [['3', '824', '3353', '3558', '1176', '-19.3', '86', '0', '0', '0', '0'], ['2', '1216', '3353', '3433', '784', '-13.2', '86', '0', '0', '0', '0'], ['1', '1608', '3353', '3360', '392', '-6.7', '86', '0', '0', '0', '0'], ['0', '2000', '3353', '3353', '0', '0', '86', '0', '0', '0', '0'], ['4', '2392', '3353', '3360', '392', '6.7', '86', '0', '0', '0', '0'], ['5', '2784', '3353', '3433', '784', '13.2', '86', '0', '0', '0', '0'], ['6', '3176', '3353', '3558', '1176', '19.3', '86', '0', '0', '0', '0']]
2020-06-15 20:08:44,424 Targets from csv file: [['3', '824', '3353', '3558', '1176', '-19.3', '86', '0', '0', '0', '0'], ['2', '1216', '3353', '3433', '784', '-13.2', '86', '0', '0', '0', '0'], ['1', '1608', '3353', '3360', '392', '-6.7', '86', '0', '0', '0', '0'], ['0', '2000', '3353', '3353', '0', '0', '86', '0', '0', '0', '0'], ['4', '2392', '3353', '3360', '392', '6.7', '86', '0', '0', '0', '0'], ['5', '2784', '3353', '3433', '784', '13.2', '86', '0', '0', '0', '0'], ['6', '3176', '3353', '3558', '1176', '19.3', '86', '0', '0', '0', '0']]
2020-06-15 20:08:46,990 File name: /home/pi/RPi-Ardunio/calibration20200615-200846.jpg
2020-06-15 20:08:46,995 Calibration image file: /home/pi/RPi-Ardunio/calibration20200615-200846.jpg
2020-06-15 20:08:47,660 Fiducial target object height and range: 32, 3615.7664233576643
2020-06-15 20:08:47,661 Detected tags added to list: [['3', '824', '3353', '3558', '1176', '-19.3', '86', '0', '0', '0', '0'], ['2', '1216', '3353', '3433', '784', '-13.2', '86', '0', '0', '0', '0'], ['1', '1608', '3353', '3360', '392', '-6.7', '86', '0', '0', '0', '0'], ['0', '2000', '3353', '3353', '0', '0', '86', 646, 535, 3615.7664233576643, '0'], ['4', '2392', '3353', '3360', '392', '6.7', '86', '0', '0', '0', '0'], ['5', '2784', '3353', '3433', '784', '13.2', '86', '0', '0', '0', '0'], ['6', '3176', '3353', '3558', '1176', '19.3', '86', '0', '0', '0', '0']]
2020-06-15 20:08:47,671 Fiducial target object height and range: 33, 3506.1977438619774
2020-06-15 20:08:47,672 Detected tags added to list: [['3', '824', '3353', '3558', '1176', '-19.3', '86', '0', '0', '0', '0'], ['2', '1216', '3353', '3433', '784', '-13.2', '86', '0', '0', '0', '0'], ['1', '1608', '3353', '3360', '392', '-6.7', '86', 497, 541, 3506.1977438619774, '0'], ['0', '2000', '3353', '3353', '0', '0', '86', 646, 535, 3615.7664233576643, '0'], ['4', '2392', '3353', '3360', '392', '6.7', '86', '0', '0', '0', '0'], ['5', '2784', '3353', '3433', '784', '13.2', '86', '0', '0', '0', '0'], ['6', '3176', '3353', '3558', '1176', '19.3', '86', '0', '0', '0', '0']]
2020-06-15 20:08:47,681 Fiducial target object height and range: 34, 3403.074280807213
2020-06-15 20:08:47,682 Detected tags added to list: [['3', '824', '3353', '3558', '1176', '-19.3', '86', '0', '0', '0', '0'], ['2', '1216', '3353', '3433', '784', '-13.2', '86', 343, 548, 3403.074280807213, '0'], ['1', '1608', '3353', '3360', '392', '-6.7', '86', 497, 541, 3506.1977438619774, '0'], ['0', '2000', '3353', '3353', '0', '0', '86', 646, 535, 3615.7664233576643, '0'], ['4', '2392', '3353', '3360', '392', '6.7', '86', '0', '0', '0', '0'], ['5', '2784', '3353', '3433', '784', '13.2', '86', '0', '0', '0', '0'], ['6', '3176', '3353', '3558', '1176', '19.3', '86', '0', '0', '0', '0']]
2020-06-15 20:08:47,691 Fiducial target object height and range: 33, 3506.1977438619774
2020-06-15 20:08:47,692 Detected tags added to list: [['3', '824', '3353', '3558', '1176', '-19.3', '86', 189, 559, 3506.1977438619774, '0'], ['2', '1216', '3353', '3433', '784', '-13.2', '86', 343, 548, 3403.074280807213, '0'], ['1', '1608', '3353', '3360', '392', '-6.7', '86', 497, 541, 3506.1977438619774, '0'], ['0', '2000', '3353', '3353', '0', '0', '86', 646, 535, 3615.7664233576643, '0'], ['4', '2392', '3353', '3360', '392', '6.7', '86', '0', '0', '0', '0'], ['5', '2784', '3353', '3433', '784', '13.2', '86', '0', '0', '0', '0'], ['6', '3176', '3353', '3558', '1176', '19.3', '86', '0', '0', '0', '0']]
2020-06-15 20:08:47,701 Fiducial target object height and range: 32, 3615.7664233576643
2020-06-15 20:08:47,702 Detected tags added to list: [['3', '824', '3353', '3558', '1176', '-19.3', '86', 189, 559, 3506.1977438619774, '0'], ['2', '1216', '3353', '3433', '784', '-13.2', '86', 343, 548, 3403.074280807213, '0'], ['1', '1608', '3353', '3360', '392', '-6.7', '86', 497, 541, 3506.1977438619774, '0'], ['0', '2000', '3353', '3353', '0', '0', '86', 646, 535, 3615.7664233576643, '0'], ['4', '2392', '3353', '3360', '392', '6.7', '86', 795, 534, 3615.7664233576643, '0'], ['5', '2784', '3353', '3433', '784', '13.2', '86', '0', '0', '0', '0'], ['6', '3176', '3353', '3558', '1176', '19.3', '86', '0', '0', '0', '0']]
2020-06-15 20:08:47,711 Fiducial target object height and range: 32, 3615.7664233576643
2020-06-15 20:08:47,712 Detected tags added to list: [['3', '824', '3353', '3558', '1176', '-19.3', '86', 189, 559, 3506.1977438619774, '0'], ['2', '1216', '3353', '3433', '784', '-13.2', '86', 343, 548, 3403.074280807213, '0'], ['1', '1608', '3353', '3360', '392', '-6.7', '86', 497, 541, 3506.1977438619774, '0'], ['0', '2000', '3353', '3353', '0', '0', '86', 646, 535, 3615.7664233576643, '0'], ['4', '2392', '3353', '3360', '392', '6.7', '86', 795, 534, 3615.7664233576643, '0'], ['5', '2784', '3353', '3433', '784', '13.2', '86', 944, 530, 3615.7664233576643, '0'], ['6', '3176', '3353', '3558', '1176', '19.3', '86', '0', '0', '0', '0']]
2020-06-15 20:08:47,721 Fiducial target object height and range: 31, 3732.4040499175885
2020-06-15 20:08:47,723 Detected tags added to list: [['3', '824', '3353', '3558', '1176', '-19.3', '86', 189, 559, 3506.1977438619774, '0'], ['2', '1216', '3353', '3433', '784', '-13.2', '86', 343, 548, 3403.074280807213, '0'], ['1', '1608', '3353', '3360', '392', '-6.7', '86', 497, 541, 3506.1977438619774, '0'], ['0', '2000', '3353', '3353', '0', '0', '86', 646, 535, 3615.7664233576643, '0'], ['4', '2392', '3353', '3360', '392', '6.7', '86', 795, 534, 3615.7664233576643, '0'], ['5', '2784', '3353', '3433', '784', '13.2', '86', 944, 530, 3615.7664233576643, '0'], ['6', '3176', '3353', '3558', '1176', '19.3', '86', 1086, 525, 3732.4040499175885, '0']]
2020-06-15 20:08:47,787 Fiducial targets list: [['3', '824', '3353', '3558', '1176', '-19.3', '86', 189, 559, 3506.1977438619774, -18.7], ['2', '1216', '3353', '3433', '784', '-13.2', '86', 343, 548, 3403.074280807213, -12.3], ['1', '1608', '3353', '3360', '392', '-6.7', '86', 497, 541, 3506.1977438619774, -6.0], ['0', '2000', '3353', '3353', '0', '0', '86', 646, 535, 3615.7664233576643, 0.0], ['4', '2392', '3353', '3360', '392', '6.7', '86', 795, 534, 3615.7664233576643, 6.0], ['5', '2784', '3353', '3433', '784', '13.2', '86', 944, 530, 3615.7664233576643, 12.1], ['6', '3176', '3353', '3558', '1176', '19.3', '86', 1086, 525, 3732.4040499175885, 18.0]]
2020-06-15 20:08:55,772 ctrl-c detected
2020-06-15 20:10:36,976 Calibration start
2020-06-15 20:10:36,979 Targets read and returned: [['3', '824', '3353', '3558', '1176', '-19.3', '86', '0', '0', '0', '0'], ['2', '1216', '3353', '3433', '784', '-13.2', '86', '0', '0', '0', '0'], ['1', '1608', '3353', '3360', '392', '-6.7', '86', '0', '0', '0', '0'], ['0', '2000', '3353', '3353', '0', '0', '86', '0', '0', '0', '0'], ['4', '2392', '3353', '3360', '392', '6.7', '86', '0', '0', '0', '0'], ['5', '2784', '3353', '3433', '784', '13.2', '86', '0', '0', '0', '0'], ['6', '3176', '3353', '3558', '1176', '19.3', '86', '0', '0', '0', '0']]
2020-06-15 20:10:36,988 Targets from csv file: [['3', '824', '3353', '3558', '1176', '-19.3', '86', '0', '0', '0', '0'], ['2', '1216', '3353', '3433', '784', '-13.2', '86', '0', '0', '0', '0'], ['1', '1608', '3353', '3360', '392', '-6.7', '86', '0', '0', '0', '0'], ['0', '2000', '3353', '3353', '0', '0', '86', '0', '0', '0', '0'], ['4', '2392', '3353', '3360', '392', '6.7', '86', '0', '0', '0', '0'], ['5', '2784', '3353', '3433', '784', '13.2', '86', '0', '0', '0', '0'], ['6', '3176', '3353', '3558', '1176', '19.3', '86', '0', '0', '0', '0']]
2020-06-15 20:10:39,552 File name: /home/pi/RPi-Ardunio/calibration20200615-201039.jpg
2020-06-15 20:10:39,557 Calibration image file: /home/pi/RPi-Ardunio/calibration20200615-201039.jpg
2020-06-15 20:10:40,215 Fiducial target object height and range: 32, 3615.7664233576643
2020-06-15 20:10:40,216 Detected tags added to list: [['3', '824', '3353', '3558', '1176', '-19.3', '86', '0', '0', '0', '0'], ['2', '1216', '3353', '3433', '784', '-13.2', '86', '0', '0', '0', '0'], ['1', '1608', '3353', '3360', '392', '-6.7', '86', '0', '0', '0', '0'], ['0', '2000', '3353', '3353', '0', '0', '86', 647, 535, 3615, '0'], ['4', '2392', '3353', '3360', '392', '6.7', '86', '0', '0', '0', '0'], ['5', '2784', '3353', '3433', '784', '13.2', '86', '0', '0', '0', '0'], ['6', '3176', '3353', '3558', '1176', '19.3', '86', '0', '0', '0', '0']]
2020-06-15 20:10:40,225 Fiducial target object height and range: 33, 3506.1977438619774
2020-06-15 20:10:40,226 Detected tags added to list: [['3', '824', '3353', '3558', '1176', '-19.3', '86', '0', '0', '0', '0'], ['2', '1216', '3353', '3433', '784', '-13.2', '86', '0', '0', '0', '0'], ['1', '1608', '3353', '3360', '392', '-6.7', '86', 497, 540, 3506, '0'], ['0', '2000', '3353', '3353', '0', '0', '86', 647, 535, 3615, '0'], ['4', '2392', '3353', '3360', '392', '6.7', '86', '0', '0', '0', '0'], ['5', '2784', '3353', '3433', '784', '13.2', '86', '0', '0', '0', '0'], ['6', '3176', '3353', '3558', '1176', '19.3', '86', '0', '0', '0', '0']]
2020-06-15 20:10:40,234 Fiducial target object height and range: 33, 3506.1977438619774
2020-06-15 20:10:40,236 Detected tags added to list: [['3', '824', '3353', '3558', '1176', '-19.3', '86', '0', '0', '0', '0'], ['2', '1216', '3353', '3433', '784', '-13.2', '86', 343, 548, 3506, '0'], ['1', '1608', '3353', '3360', '392', '-6.7', '86', 497, 540, 3506, '0'], ['0', '2000', '3353', '3353', '0', '0', '86', 647, 535, 3615, '0'], ['4', '2392', '3353', '3360', '392', '6.7', '86', '0', '0', '0', '0'], ['5', '2784', '3353', '3433', '784', '13.2', '86', '0', '0', '0', '0'], ['6', '3176', '3353', '3558', '1176', '19.3', '86', '0', '0', '0', '0']]
2020-06-15 20:10:40,244 Fiducial target object height and range: 33, 3506.1977438619774
2020-06-15 20:10:40,245 Detected tags added to list: [['3', '824', '3353', '3558', '1176', '-19.3', '86', 189, 559, 3506, '0'], ['2', '1216', '3353', '3433', '784', '-13.2', '86', 343, 548, 3506, '0'], ['1', '1608', '3353', '3360', '392', '-6.7', '86', 497, 540, 3506, '0'], ['0', '2000', '3353', '3353', '0', '0', '86', 647, 535, 3615, '0'], ['4', '2392', '3353', '3360', '392', '6.7', '86', '0', '0', '0', '0'], ['5', '2784', '3353', '3433', '784', '13.2', '86', '0', '0', '0', '0'], ['6', '3176', '3353', '3558', '1176', '19.3', '86', '0', '0', '0', '0']]
2020-06-15 20:10:40,254 Fiducial target object height and range: 32, 3615.7664233576643
2020-06-15 20:10:40,255 Detected tags added to list: [['3', '824', '3353', '3558', '1176', '-19.3', '86', 189, 559, 3506, '0'], ['2', '1216', '3353', '3433', '784', '-13.2', '86', 343, 548, 3506, '0'], ['1', '1608', '3353', '3360', '392', '-6.7', '86', 497, 540, 3506, '0'], ['0', '2000', '3353', '3353', '0', '0', '86', 647, 535, 3615, '0'], ['4', '2392', '3353', '3360', '392', '6.7', '86', 795, 533, 3615, '0'], ['5', '2784', '3353', '3433', '784', '13.2', '86', '0', '0', '0', '0'], ['6', '3176', '3353', '3558', '1176', '19.3', '86', '0', '0', '0', '0']]
2020-06-15 20:10:40,263 Fiducial target object height and range: 32, 3615.7664233576643
2020-06-15 20:10:40,264 Detected tags added to list: [['3', '824', '3353', '3558', '1176', '-19.3', '86', 189, 559, 3506, '0'], ['2', '1216', '3353', '3433', '784', '-13.2', '86', 343, 548, 3506, '0'], ['1', '1608', '3353', '3360', '392', '-6.7', '86', 497, 540, 3506, '0'], ['0', '2000', '3353', '3353', '0', '0', '86', 647, 535, 3615, '0'], ['4', '2392', '3353', '3360', '392', '6.7', '86', 795, 533, 3615, '0'], ['5', '2784', '3353', '3433', '784', '13.2', '86', 944, 530, 3615, '0'], ['6', '3176', '3353', '3558', '1176', '19.3', '86', '0', '0', '0', '0']]
2020-06-15 20:10:40,273 Fiducial target object height and range: 31, 3732.4040499175885
2020-06-15 20:10:40,274 Detected tags added to list: [['3', '824', '3353', '3558', '1176', '-19.3', '86', 189, 559, 3506, '0'], ['2', '1216', '3353', '3433', '784', '-13.2', '86', 343, 548, 3506, '0'], ['1', '1608', '3353', '3360', '392', '-6.7', '86', 497, 540, 3506, '0'], ['0', '2000', '3353', '3353', '0', '0', '86', 647, 535, 3615, '0'], ['4', '2392', '3353', '3360', '392', '6.7', '86', 795, 533, 3615, '0'], ['5', '2784', '3353', '3433', '784', '13.2', '86', 944, 530, 3615, '0'], ['6', '3176', '3353', '3558', '1176', '19.3', '86', 1086, 525, 3732, '0']]
2020-06-15 20:10:40,336 Fiducial targets list: [['3', '824', '3353', '3558', '1176', '-19.3', '86', 189, 559, 3506, -18.8], ['2', '1216', '3353', '3433', '784', '-13.2', '86', 343, 548, 3506, -12.3], ['1', '1608', '3353', '3360', '392', '-6.7', '86', 497, 540, 3506, -6.1], ['0', '2000', '3353', '3353', '0', '0', '86', 647, 535, 3615, 0.0], ['4', '2392', '3353', '3360', '392', '6.7', '86', 795, 533, 3615, 6.0], ['5', '2784', '3353', '3433', '784', '13.2', '86', 944, 530, 3615, 12.1], ['6', '3176', '3353', '3558', '1176', '19.3', '86', 1086, 525, 3732, 18.0]]
2020-06-15 20:10:45,294 ctrl-c detected
2020-06-16 09:44:11,028 Calibration start
2020-06-16 09:44:11,031 Targets read and returned: [['3', '824', '3353', '3558', '1176', '-19.3', '86', '0', '0', '0', '0'], ['2', '1216', '3353', '3433', '784', '-13.2', '86', '0', '0', '0', '0'], ['1', '1608', '3353', '3360', '392', '-6.7', '86', '0', '0', '0', '0'], ['0', '2000', '3353', '3353', '0', '0', '86', '0', '0', '0', '0'], ['4', '2392', '3353', '3360', '392', '6.7', '86', '0', '0', '0', '0'], ['5', '2784', '3353', '3433', '784', '13.2', '86', '0', '0', '0', '0'], ['6', '3176', '3353', '3558', '1176', '19.3', '86', '0', '0', '0', '0']]
2020-06-16 09:44:11,036 Targets from csv file: [['3', '824', '3353', '3558', '1176', '-19.3', '86', '0', '0', '0', '0'], ['2', '1216', '3353', '3433', '784', '-13.2', '86', '0', '0', '0', '0'], ['1', '1608', '3353', '3360', '392', '-6.7', '86', '0', '0', '0', '0'], ['0', '2000', '3353', '3353', '0', '0', '86', '0', '0', '0', '0'], ['4', '2392', '3353', '3360', '392', '6.7', '86', '0', '0', '0', '0'], ['5', '2784', '3353', '3433', '784', '13.2', '86', '0', '0', '0', '0'], ['6', '3176', '3353', '3558', '1176', '19.3', '86', '0', '0', '0', '0']]
2020-06-16 09:44:13,606 File name: /home/pi/RPi-Ardunio/calibration20200616-094413.jpg
2020-06-16 09:44:13,614 Calibration image file: /home/pi/RPi-Ardunio/calibration20200616-094413.jpg
2020-06-16 09:44:14,234 Fiducial target object height and range: 32, 3615.7664233576643
2020-06-16 09:44:14,235 Detected tags added to list: [['3', '824', '3353', '3558', '1176', '-19.3', '86', '0', '0', '0', '0'], ['2', '1216', '3353', '3433', '784', '-13.2', '86', '0', '0', '0', '0'], ['1', '1608', '3353', '3360', '392', '-6.7', '86', '0', '0', '0', '0'], ['0', '2000', '3353', '3353', '0', '0', '86', 645, 536, 3615, '0'], ['4', '2392', '3353', '3360', '392', '6.7', '86', '0', '0', '0', '0'], ['5', '2784', '3353', '3433', '784', '13.2', '86', '0', '0', '0', '0'], ['6', '3176', '3353', '3558', '1176', '19.3', '86', '0', '0', '0', '0']]
2020-06-16 09:44:14,243 Fiducial target object height and range: 33, 3506.1977438619774
2020-06-16 09:44:14,244 Detected tags added to list: [['3', '824', '3353', '3558', '1176', '-19.3', '86', '0', '0', '0', '0'], ['2', '1216', '3353', '3433', '784', '-13.2', '86', '0', '0', '0', '0'], ['1', '1608', '3353', '3360', '392', '-6.7', '86', 496, 542, 3506, '0'], ['0', '2000', '3353', '3353', '0', '0', '86', 645, 536, 3615, '0'], ['4', '2392', '3353', '3360', '392', '6.7', '86', '0', '0', '0', '0'], ['5', '2784', '3353', '3433', '784', '13.2', '86', '0', '0', '0', '0'], ['6', '3176', '3353', '3558', '1176', '19.3', '86', '0', '0', '0', '0']]
2020-06-16 09:44:14,253 Fiducial target object height and range: 33, 3506.1977438619774
2020-06-16 09:44:14,254 Detected tags added to list: [['3', '824', '3353', '3558', '1176', '-19.3', '86', '0', '0', '0', '0'], ['2', '1216', '3353', '3433', '784', '-13.2', '86', 342, 549, 3506, '0'], ['1', '1608', '3353', '3360', '392', '-6.7', '86', 496, 542, 3506, '0'], ['0', '2000', '3353', '3353', '0', '0', '86', 645, 536, 3615, '0'], ['4', '2392', '3353', '3360', '392', '6.7', '86', '0', '0', '0', '0'], ['5', '2784', '3353', '3433', '784', '13.2', '86', '0', '0', '0', '0'], ['6', '3176', '3353', '3558', '1176', '19.3', '86', '0', '0', '0', '0']]
2020-06-16 09:44:14,262 Fiducial target object height and range: 33, 3506.1977438619774
2020-06-16 09:44:14,263 Detected tags added to list: [['3', '824', '3353', '3558', '1176', '-19.3', '86', 188, 560, 3506, '0'], ['2', '1216', '3353', '3433', '784', '-13.2', '86', 342, 549, 3506, '0'], ['1', '1608', '3353', '3360', '392', '-6.7', '86', 496, 542, 3506, '0'], ['0', '2000', '3353', '3353', '0', '0', '86', 645, 536, 3615, '0'], ['4', '2392', '3353', '3360', '392', '6.7', '86', '0', '0', '0', '0'], ['5', '2784', '3353', '3433', '784', '13.2', '86', '0', '0', '0', '0'], ['6', '3176', '3353', '3558', '1176', '19.3', '86', '0', '0', '0', '0']]
2020-06-16 09:44:14,272 Fiducial target object height and range: 32, 3615.7664233576643
2020-06-16 09:44:14,273 Detected tags added to list: [['3', '824', '3353', '3558', '1176', '-19.3', '86', 188, 560, 3506, '0'], ['2', '1216', '3353', '3433', '784', '-13.2', '86', 342, 549, 3506, '0'], ['1', '1608', '3353', '3360', '392', '-6.7', '86', 496, 542, 3506, '0'], ['0', '2000', '3353', '3353', '0', '0', '86', 645, 536, 3615, '0'], ['4', '2392', '3353', '3360', '392', '6.7', '86', 794, 534, 3615, '0'], ['5', '2784', '3353', '3433', '784', '13.2', '86', '0', '0', '0', '0'], ['6', '3176', '3353', '3558', '1176', '19.3', '86', '0', '0', '0', '0']]
2020-06-16 09:44:14,282 Fiducial target object height and range: 32, 3615.7664233576643
2020-06-16 09:44:14,283 Detected tags added to list: [['3', '824', '3353', '3558', '1176', '-19.3', '86', 188, 560, 3506, '0'], ['2', '1216', '3353', '3433', '784', '-13.2', '86', 342, 549, 3506, '0'], ['1', '1608', '3353', '3360', '392', '-6.7', '86', 496, 542, 3506, '0'], ['0', '2000', '3353', '3353', '0', '0', '86', 645, 536, 3615, '0'], ['4', '2392', '3353', '3360', '392', '6.7', '86', 794, 534, 3615, '0'], ['5', '2784', '3353', '3433', '784', '13.2', '86', 942, 531, 3615, '0'], ['6', '3176', '3353', '3558', '1176', '19.3', '86', '0', '0', '0', '0']]
2020-06-16 09:44:14,291 Fiducial target object height and range: 31, 3732.4040499175885
2020-06-16 09:44:14,292 Detected tags added to list: [['3', '824', '3353', '3558', '1176', '-19.3', '86', 188, 560, 3506, '0'], ['2', '1216', '3353', '3433', '784', '-13.2', '86', 342, 549, 3506, '0'], ['1', '1608', '3353', '3360', '392', '-6.7', '86', 496, 542, 3506, '0'], ['0', '2000', '3353', '3353', '0', '0', '86', 645, 536, 3615, '0'], ['4', '2392', '3353', '3360', '392', '6.7', '86', 794, 534, 3615, '0'], ['5', '2784', '3353', '3433', '784', '13.2', '86', 942, 531, 3615, '0'], ['6', '3176', '3353', '3558', '1176', '19.3', '86', 1085, 526, 3732, '0']]
2020-06-16 09:44:14,354 Fiducial targets list: [['3', '824', '3353', '3558', '1176', '-19.3', '86', 188, 560, 3506, -18.7], ['2', '1216', '3353', '3433', '784', '-13.2', '86', 342, 549, 3506, -12.3], ['1', '1608', '3353', '3360', '392', '-6.7', '86', 496, 542, 3506, -6.0], ['0', '2000', '3353', '3353', '0', '0', '86', 645, 536, 3615, 0.0], ['4', '2392', '3353', '3360', '392', '6.7', '86', 794, 534, 3615, 6.0], ['5', '2784', '3353', '3433', '784', '13.2', '86', 942, 531, 3615, 12.1], ['6', '3176', '3353', '3558', '1176', '19.3', '86', 1085, 526, 3732, 18.0]]
2020-06-16 09:44:22,196 Running job Every 1.0 second do i_capture('track_i') (last run: [never], next run: 2020-06-16 09:44:11)
2020-06-16 09:44:22,711 File name: /home/pi/RPi-Ardunio/track_i20200616-094422.jpg
2020-06-16 09:44:22,715 track image file: /home/pi/RPi-Ardunio/track_i20200616-094422.jpg
2020-06-16 09:44:23,231 No targets detected
2020-06-16 09:44:23,235 track image file: /home/pi/RPi-Ardunio/track_i20200616-094422.jpg
2020-06-16 09:44:23,898 No targets detected
2020-06-16 09:44:23,899 Running job Every 1.0 second do i_capture('track_i') (last run: 2020-06-16 09:44:22, next run: 2020-06-16 09:44:23)
2020-06-16 09:44:24,424 File name: /home/pi/RPi-Ardunio/track_i20200616-094423.jpg
2020-06-16 09:44:24,428 track image file: /home/pi/RPi-Ardunio/track_i20200616-094423.jpg
2020-06-16 09:44:25,144 Robot target object height and range: 45 | 1524.788321167883
2020-06-16 09:44:25,147 track image file: /home/pi/RPi-Ardunio/track_i20200616-094423.jpg
2020-06-16 09:44:25,824 Robot target object height and range: 45 | 1524.788321167883
2020-06-16 09:44:25,825 Running job Every 1.0 second do i_capture('track_i') (last run: 2020-06-16 09:44:24, next run: 2020-06-16 09:44:25)
2020-06-16 09:44:26,364 File name: /home/pi/RPi-Ardunio/track_i20200616-094425.jpg
2020-06-16 09:44:26,368 track image file: /home/pi/RPi-Ardunio/track_i20200616-094425.jpg
2020-06-16 09:44:26,860 Robot target object height and range: 45 | 1524.788321167883
2020-06-16 09:44:26,865 track image file: /home/pi/RPi-Ardunio/track_i20200616-094425.jpg
2020-06-16 09:44:27,540 Robot target object height and range: 45 | 1524.788321167883
2020-06-16 09:44:27,541 Running job Every 1.0 second do i_capture('track_i') (last run: 2020-06-16 09:44:26, next run: 2020-06-16 09:44:27)
2020-06-16 09:44:28,076 File name: /home/pi/RPi-Ardunio/track_i20200616-094427.jpg
2020-06-16 09:44:28,080 track image file: /home/pi/RPi-Ardunio/track_i20200616-094427.jpg
2020-06-16 09:44:28,768 Robot target object height and range: 45 | 1524.788321167883
2020-06-16 09:44:28,772 track image file: /home/pi/RPi-Ardunio/track_i20200616-094427.jpg
2020-06-16 09:44:29,458 Robot target object height and range: 45 | 1524.788321167883
2020-06-16 09:44:29,459 Running job Every 1.0 second do i_capture('track_i') (last run: 2020-06-16 09:44:28, next run: 2020-06-16 09:44:29)
2020-06-16 09:44:29,988 File name: /home/pi/RPi-Ardunio/track_i20200616-094429.jpg
2020-06-16 09:44:29,990 track image file: /home/pi/RPi-Ardunio/track_i20200616-094429.jpg
2020-06-16 09:44:30,433 Robot target object height and range: 45 | 1524.788321167883
2020-06-16 09:44:30,440 track image file: /home/pi/RPi-Ardunio/track_i20200616-094429.jpg
2020-06-16 09:44:31,133 Robot target object height and range: 45 | 1524.788321167883
2020-06-16 09:44:31,134 Running job Every 1.0 second do i_capture('track_i') (last run: 2020-06-16 09:44:29, next run: 2020-06-16 09:44:30)
2020-06-16 09:44:31,668 File name: /home/pi/RPi-Ardunio/track_i20200616-094431.jpg
2020-06-16 09:44:31,672 track image file: /home/pi/RPi-Ardunio/track_i20200616-094431.jpg
2020-06-16 09:44:32,340 Robot target object height and range: 45 | 1524.788321167883
2020-06-16 09:44:32,344 track image file: /home/pi/RPi-Ardunio/track_i20200616-094431.jpg
2020-06-16 09:44:33,069 Robot target object height and range: 45 | 1524.788321167883
2020-06-16 09:44:33,070 Running job Every 1.0 second do i_capture('track_i') (last run: 2020-06-16 09:44:31, next run: 2020-06-16 09:44:32)
2020-06-16 09:44:33,578 File name: /home/pi/RPi-Ardunio/track_i20200616-094433.jpg
2020-06-16 09:44:33,582 track image file: /home/pi/RPi-Ardunio/track_i20200616-094433.jpg
2020-06-16 09:44:34,027 ctrl-c detected
2020-06-16 09:54:17,074 Calibration start
2020-06-16 09:54:17,077 Targets read and returned: [['3', '824', '3353', '3558', '1176', '-19.3', '86', '0', '0', '0', '0'], ['2', '1216', '3353', '3433', '784', '-13.2', '86', '0', '0', '0', '0'], ['1', '1608', '3353', '3360', '392', '-6.7', '86', '0', '0', '0', '0'], ['0', '2000', '3353', '3353', '0', '0', '86', '0', '0', '0', '0'], ['4', '2392', '3353', '3360', '392', '6.7', '86', '0', '0', '0', '0'], ['5', '2784', '3353', '3433', '784', '13.2', '86', '0', '0', '0', '0'], ['6', '3176', '3353', '3558', '1176', '19.3', '86', '0', '0', '0', '0']]
2020-06-16 09:54:17,081 Targets from csv file: [['3', '824', '3353', '3558', '1176', '-19.3', '86', '0', '0', '0', '0'], ['2', '1216', '3353', '3433', '784', '-13.2', '86', '0', '0', '0', '0'], ['1', '1608', '3353', '3360', '392', '-6.7', '86', '0', '0', '0', '0'], ['0', '2000', '3353', '3353', '0', '0', '86', '0', '0', '0', '0'], ['4', '2392', '3353', '3360', '392', '6.7', '86', '0', '0', '0', '0'], ['5', '2784', '3353', '3433', '784', '13.2', '86', '0', '0', '0', '0'], ['6', '3176', '3353', '3558', '1176', '19.3', '86', '0', '0', '0', '0']]
2020-06-16 09:54:19,650 File name: /home/pi/RPi-Ardunio/calibration20200616-095419.jpg
2020-06-16 09:54:19,655 Calibration image file: /home/pi/RPi-Ardunio/calibration20200616-095419.jpg
2020-06-16 09:54:20,189 Fiducial target object height and range: 32, 3615.7664233576643
2020-06-16 09:54:20,190 Detected tags added to list: [['3', '824', '3353', '3558', '1176', '-19.3', '86', '0', '0', '0', '0'], ['2', '1216', '3353', '3433', '784', '-13.2', '86', '0', '0', '0', '0'], ['1', '1608', '3353', '3360', '392', '-6.7', '86', '0', '0', '0', '0'], ['0', '2000', '3353', '3353', '0', '0', '86', 645, 537, 3615, '0'], ['4', '2392', '3353', '3360', '392', '6.7', '86', '0', '0', '0', '0'], ['5', '2784', '3353', '3433', '784', '13.2', '86', '0', '0', '0', '0'], ['6', '3176', '3353', '3558', '1176', '19.3', '86', '0', '0', '0', '0']]
2020-06-16 09:54:20,199 Fiducial target object height and range: 33, 3506.1977438619774
2020-06-16 09:54:20,200 Detected tags added to list: [['3', '824', '3353', '3558', '1176', '-19.3', '86', '0', '0', '0', '0'], ['2', '1216', '3353', '3433', '784', '-13.2', '86', '0', '0', '0', '0'], ['1', '1608', '3353', '3360', '392', '-6.7', '86', 496, 542, 3506, '0'], ['0', '2000', '3353', '3353', '0', '0', '86', 645, 537, 3615, '0'], ['4', '2392', '3353', '3360', '392', '6.7', '86', '0', '0', '0', '0'], ['5', '2784', '3353', '3433', '784', '13.2', '86', '0', '0', '0', '0'], ['6', '3176', '3353', '3558', '1176', '19.3', '86', '0', '0', '0', '0']]
2020-06-16 09:54:20,209 Fiducial target object height and range: 32, 3615.7664233576643
2020-06-16 09:54:20,210 Detected tags added to list: [['3', '824', '3353', '3558', '1176', '-19.3', '86', '0', '0', '0', '0'], ['2', '1216', '3353', '3433', '784', '-13.2', '86', 341, 550, 3615, '0'], ['1', '1608', '3353', '3360', '392', '-6.7', '86', 496, 542, 3506, '0'], ['0', '2000', '3353', '3353', '0', '0', '86', 645, 537, 3615, '0'], ['4', '2392', '3353', '3360', '392', '6.7', '86', '0', '0', '0', '0'], ['5', '2784', '3353', '3433', '784', '13.2', '86', '0', '0', '0', '0'], ['6', '3176', '3353', '3558', '1176', '19.3', '86', '0', '0', '0', '0']]
2020-06-16 09:54:20,218 Fiducial target object height and range: 33, 3506.1977438619774
2020-06-16 09:54:20,219 Detected tags added to list: [['3', '824', '3353', '3558', '1176', '-19.3', '86', 188, 560, 3506, '0'], ['2', '1216', '3353', '3433', '784', '-13.2', '86', 341, 550, 3615, '0'], ['1', '1608', '3353', '3360', '392', '-6.7', '86', 496, 542, 3506, '0'], ['0', '2000', '3353', '3353', '0', '0', '86', 645, 537, 3615, '0'], ['4', '2392', '3353', '3360', '392', '6.7', '86', '0', '0', '0', '0'], ['5', '2784', '3353', '3433', '784', '13.2', '86', '0', '0', '0', '0'], ['6', '3176', '3353', '3558', '1176', '19.3', '86', '0', '0', '0', '0']]
2020-06-16 09:54:20,228 Fiducial target object height and range: 32, 3615.7664233576643
2020-06-16 09:54:20,229 Detected tags added to list: [['3', '824', '3353', '3558', '1176', '-19.3', '86', 188, 560, 3506, '0'], ['2', '1216', '3353', '3433', '784', '-13.2', '86', 341, 550, 3615, '0'], ['1', '1608', '3353', '3360', '392', '-6.7', '86', 496, 542, 3506, '0'], ['0', '2000', '3353', '3353', '0', '0', '86', 645, 537, 3615, '0'], ['4', '2392', '3353', '3360', '392', '6.7', '86', 794, 535, 3615, '0'], ['5', '2784', '3353', '3433', '784', '13.2', '86', '0', '0', '0', '0'], ['6', '3176', '3353', '3558', '1176', '19.3', '86', '0', '0', '0', '0']]
2020-06-16 09:54:20,238 Fiducial target object height and range: 32, 3615.7664233576643
2020-06-16 09:54:20,238 Detected tags added to list: [['3', '824', '3353', '3558', '1176', '-19.3', '86', 188, 560, 3506, '0'], ['2', '1216', '3353', '3433', '784', '-13.2', '86', 341, 550, 3615, '0'], ['1', '1608', '3353', '3360', '392', '-6.7', '86', 496, 542, 3506, '0'], ['0', '2000', '3353', '3353', '0', '0', '86', 645, 537, 3615, '0'], ['4', '2392', '3353', '3360', '392', '6.7', '86', 794, 535, 3615, '0'], ['5', '2784', '3353', '3433', '784', '13.2', '86', 942, 532, 3615, '0'], ['6', '3176', '3353', '3558', '1176', '19.3', '86', '0', '0', '0', '0']]
2020-06-16 09:54:20,247 Fiducial target object height and range: 31, 3732.4040499175885
2020-06-16 09:54:20,248 Detected tags added to list: [['3', '824', '3353', '3558', '1176', '-19.3', '86', 188, 560, 3506, '0'], ['2', '1216', '3353', '3433', '784', '-13.2', '86', 341, 550, 3615, '0'], ['1', '1608', '3353', '3360', '392', '-6.7', '86', 496, 542, 3506, '0'], ['0', '2000', '3353', '3353', '0', '0', '86', 645, 537, 3615, '0'], ['4', '2392', '3353', '3360', '392', '6.7', '86', 794, 535, 3615, '0'], ['5', '2784', '3353', '3433', '784', '13.2', '86', 942, 532, 3615, '0'], ['6', '3176', '3353', '3558', '1176', '19.3', '86', 1085, 526, 3732, '0']]
2020-06-16 09:54:20,310 Fiducial targets list: [['3', '824', '3353', '3558', '1176', '-19.3', '86', 188, 560, 3506, -18.7], ['2', '1216', '3353', '3433', '784', '-13.2', '86', 341, 550, 3615, -12.3], ['1', '1608', '3353', '3360', '392', '-6.7', '86', 496, 542, 3506, -6.0], ['0', '2000', '3353', '3353', '0', '0', '86', 645, 537, 3615, 0.0], ['4', '2392', '3353', '3360', '392', '6.7', '86', 794, 535, 3615, 6.0], ['5', '2784', '3353', '3433', '784', '13.2', '86', 942, 532, 3615, 12.1], ['6', '3176', '3353', '3558', '1176', '19.3', '86', 1085, 526, 3732, 18.0]]
2020-06-16 09:54:24,317 Running job Every 1.0 second do i_capture('track_i') (last run: [never], next run: 2020-06-16 09:54:17)
2020-06-16 09:54:24,863 File name: /home/pi/RPi-Ardunio/track_i20200616-095424.jpg
2020-06-16 09:54:24,870 track image file: /home/pi/RPi-Ardunio/track_i20200616-095424.jpg
2020-06-16 09:54:25,377 Robot target object height and range: 43 | 1595.7087081989473
2020-06-16 09:54:35,015 ctrl-c detected
2020-06-16 09:55:41,268 Calibration start
2020-06-16 09:55:41,273 Targets read and returned: [['3', '824', '3353', '3558', '1176', '-19.3', '86', '0', '0', '0', '0'], ['2', '1216', '3353', '3433', '784', '-13.2', '86', '0', '0', '0', '0'], ['1', '1608', '3353', '3360', '392', '-6.7', '86', '0', '0', '0', '0'], ['0', '2000', '3353', '3353', '0', '0', '86', '0', '0', '0', '0'], ['4', '2392', '3353', '3360', '392', '6.7', '86', '0', '0', '0', '0'], ['5', '2784', '3353', '3433', '784', '13.2', '86', '0', '0', '0', '0'], ['6', '3176', '3353', '3558', '1176', '19.3', '86', '0', '0', '0', '0']]
2020-06-16 09:55:41,275 Targets from csv file: [['3', '824', '3353', '3558', '1176', '-19.3', '86', '0', '0', '0', '0'], ['2', '1216', '3353', '3433', '784', '-13.2', '86', '0', '0', '0', '0'], ['1', '1608', '3353', '3360', '392', '-6.7', '86', '0', '0', '0', '0'], ['0', '2000', '3353', '3353', '0', '0', '86', '0', '0', '0', '0'], ['4', '2392', '3353', '3360', '392', '6.7', '86', '0', '0', '0', '0'], ['5', '2784', '3353', '3433', '784', '13.2', '86', '0', '0', '0', '0'], ['6', '3176', '3353', '3558', '1176', '19.3', '86', '0', '0', '0', '0']]
2020-06-16 09:55:43,844 File name: /home/pi/RPi-Ardunio/calibration20200616-095543.jpg
2020-06-16 09:55:43,850 Calibration image file: /home/pi/RPi-Ardunio/calibration20200616-095543.jpg
2020-06-16 09:55:44,370 Fiducial target object height and range: 32, 3615.7664233576643
2020-06-16 09:55:44,371 Detected tags added to list: [['3', '824', '3353', '3558', '1176', '-19.3', '86', '0', '0', '0', '0'], ['2', '1216', '3353', '3433', '784', '-13.2', '86', '0', '0', '0', '0'], ['1', '1608', '3353', '3360', '392', '-6.7', '86', '0', '0', '0', '0'], ['0', '2000', '3353', '3353', '0', '0', '86', 645, 537, 3615, '0'], ['4', '2392', '3353', '3360', '392', '6.7', '86', '0', '0', '0', '0'], ['5', '2784', '3353', '3433', '784', '13.2', '86', '0', '0', '0', '0'], ['6', '3176', '3353', '3558', '1176', '19.3', '86', '0', '0', '0', '0']]
2020-06-16 09:55:44,380 Fiducial target object height and range: 33, 3506.1977438619774
2020-06-16 09:55:44,381 Detected tags added to list: [['3', '824', '3353', '3558', '1176', '-19.3', '86', '0', '0', '0', '0'], ['2', '1216', '3353', '3433', '784', '-13.2', '86', '0', '0', '0', '0'], ['1', '1608', '3353', '3360', '392', '-6.7', '86', 496, 542, 3506, '0'], ['0', '2000', '3353', '3353', '0', '0', '86', 645, 537, 3615, '0'], ['4', '2392', '3353', '3360', '392', '6.7', '86', '0', '0', '0', '0'], ['5', '2784', '3353', '3433', '784', '13.2', '86', '0', '0', '0', '0'], ['6', '3176', '3353', '3558', '1176', '19.3', '86', '0', '0', '0', '0']]
2020-06-16 09:55:44,390 Fiducial target object height and range: 32, 3615.7664233576643
2020-06-16 09:55:44,391 Detected tags added to list: [['3', '824', '3353', '3558', '1176', '-19.3', '86', '0', '0', '0', '0'], ['2', '1216', '3353', '3433', '784', '-13.2', '86', 341, 550, 3615, '0'], ['1', '1608', '3353', '3360', '392', '-6.7', '86', 496, 542, 3506, '0'], ['0', '2000', '3353', '3353', '0', '0', '86', 645, 537, 3615, '0'], ['4', '2392', '3353', '3360', '392', '6.7', '86', '0', '0', '0', '0'], ['5', '2784', '3353', '3433', '784', '13.2', '86', '0', '0', '0', '0'], ['6', '3176', '3353', '3558', '1176', '19.3', '86', '0', '0', '0', '0']]
2020-06-16 09:55:44,400 Fiducial target object height and range: 33, 3506.1977438619774
2020-06-16 09:55:44,401 Detected tags added to list: [['3', '824', '3353', '3558', '1176', '-19.3', '86', 188, 560, 3506, '0'], ['2', '1216', '3353', '3433', '784', '-13.2', '86', 341, 550, 3615, '0'], ['1', '1608', '3353', '3360', '392', '-6.7', '86', 496, 542, 3506, '0'], ['0', '2000', '3353', '3353', '0', '0', '86', 645, 537, 3615, '0'], ['4', '2392', '3353', '3360', '392', '6.7', '86', '0', '0', '0', '0'], ['5', '2784', '3353', '3433', '784', '13.2', '86', '0', '0', '0', '0'], ['6', '3176', '3353', '3558', '1176', '19.3', '86', '0', '0', '0', '0']]
2020-06-16 09:55:44,409 Fiducial target object height and range: 32, 3615.7664233576643
2020-06-16 09:55:44,411 Detected tags added to list: [['3', '824', '3353', '3558', '1176', '-19.3', '86', 188, 560, 3506, '0'], ['2', '1216', '3353', '3433', '784', '-13.2', '86', 341, 550, 3615, '0'], ['1', '1608', '3353', '3360', '392', '-6.7', '86', 496, 542, 3506, '0'], ['0', '2000', '3353', '3353', '0', '0', '86', 645, 537, 3615, '0'], ['4', '2392', '3353', '3360', '392', '6.7', '86', 794, 535, 3615, '0'], ['5', '2784', '3353', '3433', '784', '13.2', '86', '0', '0', '0', '0'], ['6', '3176', '3353', '3558', '1176', '19.3', '86', '0', '0', '0', '0']]
2020-06-16 09:55:44,419 Fiducial target object height and range: 32, 3615.7664233576643
2020-06-16 09:55:44,420 Detected tags added to list: [['3', '824', '3353', '3558', '1176', '-19.3', '86', 188, 560, 3506, '0'], ['2', '1216', '3353', '3433', '784', '-13.2', '86', 341, 550, 3615, '0'], ['1', '1608', '3353', '3360', '392', '-6.7', '86', 496, 542, 3506, '0'], ['0', '2000', '3353', '3353', '0', '0', '86', 645, 537, 3615, '0'], ['4', '2392', '3353', '3360', '392', '6.7', '86', 794, 535, 3615, '0'], ['5', '2784', '3353', '3433', '784', '13.2', '86', 943, 531, 3615, '0'], ['6', '3176', '3353', '3558', '1176', '19.3', '86', '0', '0', '0', '0']]
2020-06-16 09:55:44,429 Fiducial target object height and range: 31, 3732.4040499175885
2020-06-16 09:55:44,430 Detected tags added to list: [['3', '824', '3353', '3558', '1176', '-19.3', '86', 188, 560, 3506, '0'], ['2', '1216', '3353', '3433', '784', '-13.2', '86', 341, 550, 3615, '0'], ['1', '1608', '3353', '3360', '392', '-6.7', '86', 496, 542, 3506, '0'], ['0', '2000', '3353', '3353', '0', '0', '86', 645, 537, 3615, '0'], ['4', '2392', '3353', '3360', '392', '6.7', '86', 794, 535, 3615, '0'], ['5', '2784', '3353', '3433', '784', '13.2', '86', 943, 531, 3615, '0'], ['6', '3176', '3353', '3558', '1176', '19.3', '86', 1085, 527, 3732, '0']]
2020-06-16 09:55:44,492 Fiducial targets list: [['3', '824', '3353', '3558', '1176', '-19.3', '86', 188, 560, 3506, -18.7], ['2', '1216', '3353', '3433', '784', '-13.2', '86', 341, 550, 3615, -12.3], ['1', '1608', '3353', '3360', '392', '-6.7', '86', 496, 542, 3506, -6.0], ['0', '2000', '3353', '3353', '0', '0', '86', 645, 537, 3615, 0.0], ['4', '2392', '3353', '3360', '392', '6.7', '86', 794, 535, 3615, 6.0], ['5', '2784', '3353', '3433', '784', '13.2', '86', 943, 531, 3615, 12.1], ['6', '3176', '3353', '3558', '1176', '19.3', '86', 1085, 527, 3732, 18.0]]
2020-06-16 09:55:47,729 Running job Every 1.0 second do i_capture('track_i') (last run: [never], next run: 2020-06-16 09:55:42)
2020-06-16 09:55:48,255 File name: /home/pi/RPi-Ardunio/track_i20200616-095547.jpg
2020-06-16 09:55:48,260 track image file: /home/pi/RPi-Ardunio/track_i20200616-095547.jpg
2020-06-16 09:55:48,696 track image file: /home/pi/RPi-Ardunio/track_i20200616-095547.jpg
2020-06-16 09:55:49,331 Running job Every 1.0 second do i_capture('track_i') (last run: 2020-06-16 09:55:48, next run: 2020-06-16 09:55:49)
2020-06-16 09:55:49,867 File name: /home/pi/RPi-Ardunio/track_i20200616-095549.jpg
2020-06-16 09:55:49,872 track image file: /home/pi/RPi-Ardunio/track_i20200616-095549.jpg
2020-06-16 09:55:50,546 Robot target object height and range: 45 | 1524.788321167883
2020-06-16 09:55:50,563 track image file: /home/pi/RPi-Ardunio/track_i20200616-095549.jpg
2020-06-16 09:55:51,239 Robot target object height and range: 45 | 1524.788321167883
2020-06-16 09:55:51,253 Running job Every 1.0 second do i_capture('track_i') (last run: 2020-06-16 09:55:49, next run: 2020-06-16 09:55:50)
2020-06-16 09:55:51,780 File name: /home/pi/RPi-Ardunio/track_i20200616-095551.jpg
2020-06-16 09:55:51,784 track image file: /home/pi/RPi-Ardunio/track_i20200616-095551.jpg
2020-06-16 09:55:52,281 Robot target object height and range: 45 | 1524.788321167883
2020-06-16 09:55:52,298 track image file: /home/pi/RPi-Ardunio/track_i20200616-095551.jpg
2020-06-16 09:55:52,972 Robot target object height and range: 45 | 1524.788321167883
2020-06-16 09:55:52,990 Running job Every 1.0 second do i_capture('track_i') (last run: 2020-06-16 09:55:51, next run: 2020-06-16 09:55:52)
2020-06-16 09:55:53,525 File name: /home/pi/RPi-Ardunio/track_i20200616-095552.jpg
2020-06-16 09:55:53,530 track image file: /home/pi/RPi-Ardunio/track_i20200616-095552.jpg
2020-06-16 09:55:54,218 Robot target object height and range: 45 | 1524.788321167883
2020-06-16 09:55:54,241 track image file: /home/pi/RPi-Ardunio/track_i20200616-095552.jpg
2020-06-16 09:55:54,932 Robot target object height and range: 45 | 1524.788321167883
2020-06-16 09:55:54,949 Running job Every 1.0 second do i_capture('track_i') (last run: 2020-06-16 09:55:53, next run: 2020-06-16 09:55:54)
2020-06-16 09:55:55,472 File name: /home/pi/RPi-Ardunio/track_i20200616-095554.jpg
2020-06-16 09:55:55,477 track image file: /home/pi/RPi-Ardunio/track_i20200616-095554.jpg
2020-06-16 09:55:56,070 Robot target object height and range: 45 | 1524.788321167883
2020-06-16 09:55:56,093 track image file: /home/pi/RPi-Ardunio/track_i20200616-095554.jpg
2020-06-16 09:55:56,768 Robot target object height and range: 45 | 1524.788321167883
2020-06-16 09:55:56,786 Running job Every 1.0 second do i_capture('track_i') (last run: 2020-06-16 09:55:55, next run: 2020-06-16 09:55:56)
2020-06-16 09:55:57,350 File name: /home/pi/RPi-Ardunio/track_i20200616-095556.jpg
2020-06-16 09:55:57,355 track image file: /home/pi/RPi-Ardunio/track_i20200616-095556.jpg
2020-06-16 09:55:58,019 Robot target object height and range: 45 | 1524.788321167883
2020-06-16 09:55:58,037 track image file: /home/pi/RPi-Ardunio/track_i20200616-095556.jpg
2020-06-16 09:55:58,699 Robot target object height and range: 45 | 1524.788321167883
2020-06-16 09:55:58,714 Running job Every 1.0 second do i_capture('track_i') (last run: 2020-06-16 09:55:57, next run: 2020-06-16 09:55:58)
2020-06-16 09:55:59,219 File name: /home/pi/RPi-Ardunio/track_i20200616-095558.jpg
2020-06-16 09:55:59,222 track image file: /home/pi/RPi-Ardunio/track_i20200616-095558.jpg
2020-06-16 09:55:59,602 ctrl-c detected
2020-06-16 10:05:47,861 Calibration start
2020-06-16 10:05:47,865 Targets read and returned: [['3', '824', '3353', '3558', '1176', '-19.3', '86', '0', '0', '0', '0'], ['2', '1216', '3353', '3433', '784', '-13.2', '86', '0', '0', '0', '0'], ['1', '1608', '3353', '3360', '392', '-6.7', '86', '0', '0', '0', '0'], ['0', '2000', '3353', '3353', '0', '0', '86', '0', '0', '0', '0'], ['4', '2392', '3353', '3360', '392', '6.7', '86', '0', '0', '0', '0'], ['5', '2784', '3353', '3433', '784', '13.2', '86', '0', '0', '0', '0'], ['6', '3176', '3353', '3558', '1176', '19.3', '86', '0', '0', '0', '0']]
2020-06-16 10:05:47,867 Targets from csv file: [['3', '824', '3353', '3558', '1176', '-19.3', '86', '0', '0', '0', '0'], ['2', '1216', '3353', '3433', '784', '-13.2', '86', '0', '0', '0', '0'], ['1', '1608', '3353', '3360', '392', '-6.7', '86', '0', '0', '0', '0'], ['0', '2000', '3353', '3353', '0', '0', '86', '0', '0', '0', '0'], ['4', '2392', '3353', '3360', '392', '6.7', '86', '0', '0', '0', '0'], ['5', '2784', '3353', '3433', '784', '13.2', '86', '0', '0', '0', '0'], ['6', '3176', '3353', '3558', '1176', '19.3', '86', '0', '0', '0', '0']]
2020-06-16 10:05:50,436 File name: /home/pi/RPi-Ardunio/calibration20200616-100549.jpg
2020-06-16 10:05:50,443 Calibration image file: /home/pi/RPi-Ardunio/calibration20200616-100549.jpg
2020-06-16 10:05:50,969 Fiducial target object height and range: 32, 3615.7664233576643
2020-06-16 10:05:50,971 Detected tags added to list: [['3', '824', '3353', '3558', '1176', '-19.3', '86', '0', '0', '0', '0'], ['2', '1216', '3353', '3433', '784', '-13.2', '86', '0', '0', '0', '0'], ['1', '1608', '3353', '3360', '392', '-6.7', '86', '0', '0', '0', '0'], ['0', '2000', '3353', '3353', '0', '0', '86', 696, 539, 3615, '0'], ['4', '2392', '3353', '3360', '392', '6.7', '86', '0', '0', '0', '0'], ['5', '2784', '3353', '3433', '784', '13.2', '86', '0', '0', '0', '0'], ['6', '3176', '3353', '3558', '1176', '19.3', '86', '0', '0', '0', '0']]
2020-06-16 10:05:50,983 Fiducial target object height and range: 32, 3615.7664233576643
2020-06-16 10:05:50,984 Detected tags added to list: [['3', '824', '3353', '3558', '1176', '-19.3', '86', '0', '0', '0', '0'], ['2', '1216', '3353', '3433', '784', '-13.2', '86', '0', '0', '0', '0'], ['1', '1608', '3353', '3360', '392', '-6.7', '86', 547, 545, 3615, '0'], ['0', '2000', '3353', '3353', '0', '0', '86', 696, 539, 3615, '0'], ['4', '2392', '3353', '3360', '392', '6.7', '86', '0', '0', '0', '0'], ['5', '2784', '3353', '3433', '784', '13.2', '86', '0', '0', '0', '0'], ['6', '3176', '3353', '3558', '1176', '19.3', '86', '0', '0', '0', '0']]
2020-06-16 10:05:50,995 Fiducial target object height and range: 32, 3615.7664233576643
2020-06-16 10:05:50,996 Detected tags added to list: [['3', '824', '3353', '3558', '1176', '-19.3', '86', '0', '0', '0', '0'], ['2', '1216', '3353', '3433', '784', '-13.2', '86', 395, 553, 3615, '0'], ['1', '1608', '3353', '3360', '392', '-6.7', '86', 547, 545, 3615, '0'], ['0', '2000', '3353', '3353', '0', '0', '86', 696, 539, 3615, '0'], ['4', '2392', '3353', '3360', '392', '6.7', '86', '0', '0', '0', '0'], ['5', '2784', '3353', '3433', '784', '13.2', '86', '0', '0', '0', '0'], ['6', '3176', '3353', '3558', '1176', '19.3', '86', '0', '0', '0', '0']]
2020-06-16 10:05:51,006 Fiducial target object height and range: 33, 3506.1977438619774
2020-06-16 10:05:51,007 Detected tags added to list: [['3', '824', '3353', '3558', '1176', '-19.3', '86', 245, 564, 3506, '0'], ['2', '1216', '3353', '3433', '784', '-13.2', '86', 395, 553, 3615, '0'], ['1', '1608', '3353', '3360', '392', '-6.7', '86', 547, 545, 3615, '0'], ['0', '2000', '3353', '3353', '0', '0', '86', 696, 539, 3615, '0'], ['4', '2392', '3353', '3360', '392', '6.7', '86', '0', '0', '0', '0'], ['5', '2784', '3353', '3433', '784', '13.2', '86', '0', '0', '0', '0'], ['6', '3176', '3353', '3558', '1176', '19.3', '86', '0', '0', '0', '0']]
2020-06-16 10:05:51,024 Fiducial target object height and range: 32, 3615.7664233576643
2020-06-16 10:05:51,025 Detected tags added to list: [['3', '824', '3353', '3558', '1176', '-19.3', '86', 245, 564, 3506, '0'], ['2', '1216', '3353', '3433', '784', '-13.2', '86', 395, 553, 3615, '0'], ['1', '1608', '3353', '3360', '392', '-6.7', '86', 547, 545, 3615, '0'], ['0', '2000', '3353', '3353', '0', '0', '86', 696, 539, 3615, '0'], ['4', '2392', '3353', '3360', '392', '6.7', '86', 845, 536, 3615, '0'], ['5', '2784', '3353', '3433', '784', '13.2', '86', '0', '0', '0', '0'], ['6', '3176', '3353', '3558', '1176', '19.3', '86', '0', '0', '0', '0']]
2020-06-16 10:05:51,044 Fiducial target object height and range: 33, 3506.1977438619774
2020-06-16 10:05:51,045 Detected tags added to list: [['3', '824', '3353', '3558', '1176', '-19.3', '86', 245, 564, 3506, '0'], ['2', '1216', '3353', '3433', '784', '-13.2', '86', 395, 553, 3615, '0'], ['1', '1608', '3353', '3360', '392', '-6.7', '86', 547, 545, 3615, '0'], ['0', '2000', '3353', '3353', '0', '0', '86', 696, 539, 3615, '0'], ['4', '2392', '3353', '3360', '392', '6.7', '86', 845, 536, 3615, '0'], ['5', '2784', '3353', '3433', '784', '13.2', '86', 997, 532, 3506, '0'], ['6', '3176', '3353', '3558', '1176', '19.3', '86', '0', '0', '0', '0']]
2020-06-16 10:05:51,054 Fiducial target object height and range: 31, 3732.4040499175885
2020-06-16 10:05:51,055 Detected tags added to list: [['3', '824', '3353', '3558', '1176', '-19.3', '86', 245, 564, 3506, '0'], ['2', '1216', '3353', '3433', '784', '-13.2', '86', 395, 553, 3615, '0'], ['1', '1608', '3353', '3360', '392', '-6.7', '86', 547, 545, 3615, '0'], ['0', '2000', '3353', '3353', '0', '0', '86', 696, 539, 3615, '0'], ['4', '2392', '3353', '3360', '392', '6.7', '86', 845, 536, 3615, '0'], ['5', '2784', '3353', '3433', '784', '13.2', '86', 997, 532, 3506, '0'], ['6', '3176', '3353', '3558', '1176', '19.3', '86', 1143, 527, 3732, '0']]
2020-06-16 10:05:51,115 Fiducial targets list: [['3', '824', '3353', '3558', '1176', '-19.3', '86', 245, 564, 3506, -18.5], ['2', '1216', '3353', '3433', '784', '-13.2', '86', 395, 553, 3615, -12.2], ['1', '1608', '3353', '3360', '392', '-6.7', '86', 547, 545, 3615, -6.0], ['0', '2000', '3353', '3353', '0', '0', '86', 696, 539, 3615, 0.0], ['4', '2392', '3353', '3360', '392', '6.7', '86', 845, 536, 3615, 6.0], ['5', '2784', '3353', '3433', '784', '13.2', '86', 997, 532, 3506, 12.2], ['6', '3176', '3353', '3558', '1176', '19.3', '86', 1143, 527, 3732, 18.3]]
2020-06-16 10:05:58,427 Running job Every 1.0 second do i_capture('track_i') (last run: [never], next run: 2020-06-16 10:05:48)
2020-06-16 10:05:58,971 File name: /home/pi/RPi-Ardunio/track_i20200616-100558.jpg
2020-06-16 10:05:58,973 track image file: /home/pi/RPi-Ardunio/track_i20200616-100558.jpg
2020-06-16 10:05:59,448 Robot target object height and range: 43 | 1595.7087081989473
2020-06-16 10:05:59,489 track image file: /home/pi/RPi-Ardunio/track_i20200616-100558.jpg
2020-06-16 10:06:00,175 Robot target object height and range: 43 | 1595.7087081989473
2020-06-16 10:06:00,212 Running job Every 1.0 second do i_capture('track_i') (last run: 2020-06-16 10:05:58, next run: 2020-06-16 10:05:59)
2020-06-16 10:06:00,721 File name: /home/pi/RPi-Ardunio/track_i20200616-100600.jpg
2020-06-16 10:06:00,726 track image file: /home/pi/RPi-Ardunio/track_i20200616-100600.jpg
2020-06-16 10:06:01,403 Robot target object height and range: 44 | 1559.4426011944258
2020-06-16 10:06:01,456 track image file: /home/pi/RPi-Ardunio/track_i20200616-100600.jpg
2020-06-16 10:06:02,147 Robot target object height and range: 44 | 1559.4426011944258
2020-06-16 10:06:02,198 Running job Every 1.0 second do i_capture('track_i') (last run: 2020-06-16 10:06:00, next run: 2020-06-16 10:06:01)
2020-06-16 10:06:02,725 File name: /home/pi/RPi-Ardunio/track_i20200616-100602.jpg
2020-06-16 10:06:02,728 track image file: /home/pi/RPi-Ardunio/track_i20200616-100602.jpg
2020-06-16 10:06:03,222 Robot target object height and range: 44 | 1559.4426011944258
2020-06-16 10:06:03,264 track image file: /home/pi/RPi-Ardunio/track_i20200616-100602.jpg
2020-06-16 10:06:03,947 Robot target object height and range: 44 | 1559.4426011944258
2020-06-16 10:06:03,985 Running job Every 1.0 second do i_capture('track_i') (last run: 2020-06-16 10:06:02, next run: 2020-06-16 10:06:03)
2020-06-16 10:06:04,508 File name: /home/pi/RPi-Ardunio/track_i20200616-100603.jpg
2020-06-16 10:06:04,513 track image file: /home/pi/RPi-Ardunio/track_i20200616-100603.jpg
2020-06-16 10:06:04,981 ctrl-c detected
2020-06-16 10:11:53,740 Calibration start
2020-06-16 10:11:53,742 Targets read and returned: [['3', '824', '3353', '3558', '1176', '-19.3', '86', '0', '0', '0', '0'], ['2', '1216', '3353', '3433', '784', '-13.2', '86', '0', '0', '0', '0'], ['1', '1608', '3353', '3360', '392', '-6.7', '86', '0', '0', '0', '0'], ['0', '2000', '3353', '3353', '0', '0', '86', '0', '0', '0', '0'], ['4', '2392', '3353', '3360', '392', '6.7', '86', '0', '0', '0', '0'], ['5', '2784', '3353', '3433', '784', '13.2', '86', '0', '0', '0', '0'], ['6', '3176', '3353', '3558', '1176', '19.3', '86', '0', '0', '0', '0']]
2020-06-16 10:11:53,743 Targets from csv file: [['3', '824', '3353', '3558', '1176', '-19.3', '86', '0', '0', '0', '0'], ['2', '1216', '3353', '3433', '784', '-13.2', '86', '0', '0', '0', '0'], ['1', '1608', '3353', '3360', '392', '-6.7', '86', '0', '0', '0', '0'], ['0', '2000', '3353', '3353', '0', '0', '86', '0', '0', '0', '0'], ['4', '2392', '3353', '3360', '392', '6.7', '86', '0', '0', '0', '0'], ['5', '2784', '3353', '3433', '784', '13.2', '86', '0', '0', '0', '0'], ['6', '3176', '3353', '3558', '1176', '19.3', '86', '0', '0', '0', '0']]
2020-06-16 10:11:56,282 File name: /home/pi/RPi-Ardunio/calibration20200616-101155.jpg
2020-06-16 10:11:56,289 Calibration image file: /home/pi/RPi-Ardunio/calibration20200616-101155.jpg
2020-06-16 10:11:56,900 Fiducial target object height and range: 32, 3615.7664233576643
2020-06-16 10:11:56,901 Detected tags added to list: [['3', '824', '3353', '3558', '1176', '-19.3', '86', '0', '0', '0', '0'], ['2', '1216', '3353', '3433', '784', '-13.2', '86', '0', '0', '0', '0'], ['1', '1608', '3353', '3360', '392', '-6.7', '86', '0', '0', '0', '0'], ['0', '2000', '3353', '3353', '0', '0', '86', 696, 539, 3615, '0'], ['4', '2392', '3353', '3360', '392', '6.7', '86', '0', '0', '0', '0'], ['5', '2784', '3353', '3433', '784', '13.2', '86', '0', '0', '0', '0'], ['6', '3176', '3353', '3558', '1176', '19.3', '86', '0', '0', '0', '0']]
2020-06-16 10:11:56,911 Fiducial target object height and range: 33, 3506.1977438619774
2020-06-16 10:11:56,911 Detected tags added to list: [['3', '824', '3353', '3558', '1176', '-19.3', '86', '0', '0', '0', '0'], ['2', '1216', '3353', '3433', '784', '-13.2', '86', '0', '0', '0', '0'], ['1', '1608', '3353', '3360', '392', '-6.7', '86', 547, 545, 3506, '0'], ['0', '2000', '3353', '3353', '0', '0', '86', 696, 539, 3615, '0'], ['4', '2392', '3353', '3360', '392', '6.7', '86', '0', '0', '0', '0'], ['5', '2784', '3353', '3433', '784', '13.2', '86', '0', '0', '0', '0'], ['6', '3176', '3353', '3558', '1176', '19.3', '86', '0', '0', '0', '0']]
2020-06-16 10:11:56,920 Fiducial target object height and range: 33, 3506.1977438619774
2020-06-16 10:11:56,921 Detected tags added to list: [['3', '824', '3353', '3558', '1176', '-19.3', '86', '0', '0', '0', '0'], ['2', '1216', '3353', '3433', '784', '-13.2', '86', 396, 553, 3506, '0'], ['1', '1608', '3353', '3360', '392', '-6.7', '86', 547, 545, 3506, '0'], ['0', '2000', '3353', '3353', '0', '0', '86', 696, 539, 3615, '0'], ['4', '2392', '3353', '3360', '392', '6.7', '86', '0', '0', '0', '0'], ['5', '2784', '3353', '3433', '784', '13.2', '86', '0', '0', '0', '0'], ['6', '3176', '3353', '3558', '1176', '19.3', '86', '0', '0', '0', '0']]
2020-06-16 10:11:56,930 Fiducial target object height and range: 33, 3506.1977438619774
2020-06-16 10:11:56,931 Detected tags added to list: [['3', '824', '3353', '3558', '1176', '-19.3', '86', 245, 564, 3506, '0'], ['2', '1216', '3353', '3433', '784', '-13.2', '86', 396, 553, 3506, '0'], ['1', '1608', '3353', '3360', '392', '-6.7', '86', 547, 545, 3506, '0'], ['0', '2000', '3353', '3353', '0', '0', '86', 696, 539, 3615, '0'], ['4', '2392', '3353', '3360', '392', '6.7', '86', '0', '0', '0', '0'], ['5', '2784', '3353', '3433', '784', '13.2', '86', '0', '0', '0', '0'], ['6', '3176', '3353', '3558', '1176', '19.3', '86', '0', '0', '0', '0']]
2020-06-16 10:11:56,940 Fiducial target object height and range: 32, 3615.7664233576643
2020-06-16 10:11:56,941 Detected tags added to list: [['3', '824', '3353', '3558', '1176', '-19.3', '86', 245, 564, 3506, '0'], ['2', '1216', '3353', '3433', '784', '-13.2', '86', 396, 553, 3506, '0'], ['1', '1608', '3353', '3360', '392', '-6.7', '86', 547, 545, 3506, '0'], ['0', '2000', '3353', '3353', '0', '0', '86', 696, 539, 3615, '0'], ['4', '2392', '3353', '3360', '392', '6.7', '86', 846, 537, 3615, '0'], ['5', '2784', '3353', '3433', '784', '13.2', '86', '0', '0', '0', '0'], ['6', '3176', '3353', '3558', '1176', '19.3', '86', '0', '0', '0', '0']]
2020-06-16 10:11:56,950 Fiducial target object height and range: 32, 3615.7664233576643
2020-06-16 10:11:56,951 Detected tags added to list: [['3', '824', '3353', '3558', '1176', '-19.3', '86', 245, 564, 3506, '0'], ['2', '1216', '3353', '3433', '784', '-13.2', '86', 396, 553, 3506, '0'], ['1', '1608', '3353', '3360', '392', '-6.7', '86', 547, 545, 3506, '0'], ['0', '2000', '3353', '3353', '0', '0', '86', 696, 539, 3615, '0'], ['4', '2392', '3353', '3360', '392', '6.7', '86', 846, 537, 3615, '0'], ['5', '2784', '3353', '3433', '784', '13.2', '86', 997, 533, 3615, '0'], ['6', '3176', '3353', '3558', '1176', '19.3', '86', '0', '0', '0', '0']]
2020-06-16 10:11:56,960 Fiducial target object height and range: 31, 3732.4040499175885
2020-06-16 10:11:56,961 Detected tags added to list: [['3', '824', '3353', '3558', '1176', '-19.3', '86', 245, 564, 3506, '0'], ['2', '1216', '3353', '3433', '784', '-13.2', '86', 396, 553, 3506, '0'], ['1', '1608', '3353', '3360', '392', '-6.7', '86', 547, 545, 3506, '0'], ['0', '2000', '3353', '3353', '0', '0', '86', 696, 539, 3615, '0'], ['4', '2392', '3353', '3360', '392', '6.7', '86', 846, 537, 3615, '0'], ['5', '2784', '3353', '3433', '784', '13.2', '86', 997, 533, 3615, '0'], ['6', '3176', '3353', '3558', '1176', '19.3', '86', 1142, 528, 3732, '0']]
2020-06-16 10:11:57,025 Fiducial targets list: [['3', '824', '3353', '3558', '1176', '-19.3', '86', 245, 564, 3506, -18.5], ['2', '1216', '3353', '3433', '784', '-13.2', '86', 396, 553, 3506, -12.2], ['1', '1608', '3353', '3360', '392', '-6.7', '86', 547, 545, 3506, -6.0], ['0', '2000', '3353', '3353', '0', '0', '86', 696, 539, 3615, 0.0], ['4', '2392', '3353', '3360', '392', '6.7', '86', 846, 537, 3615, 6.1], ['5', '2784', '3353', '3433', '784', '13.2', '86', 997, 533, 3615, 12.2], ['6', '3176', '3353', '3558', '1176', '19.3', '86', 1142, 528, 3732, 18.3]]
2020-06-16 10:12:01,356 Running job Every 1.0 second do i_capture('track_i') (last run: [never], next run: 2020-06-16 10:11:54)
2020-06-16 10:12:01,892 File name: /home/pi/RPi-Ardunio/track_i20200616-101201.jpg
2020-06-16 10:12:01,898 track image file: /home/pi/RPi-Ardunio/track_i20200616-101201.jpg
2020-06-16 10:12:02,425 Robot target object height and range: 32 | 2144.2335766423357
2020-06-16 10:12:02,466 track image file: /home/pi/RPi-Ardunio/track_i20200616-101201.jpg
2020-06-16 10:12:03,167 Robot target object height and range: 32 | 2144.2335766423357
2020-06-16 10:12:03,218 Running job Every 1.0 second do i_capture('track_i') (last run: 2020-06-16 10:12:01, next run: 2020-06-16 10:12:02)
2020-06-16 10:12:03,738 File name: /home/pi/RPi-Ardunio/track_i20200616-101203.jpg
2020-06-16 10:12:03,743 track image file: /home/pi/RPi-Ardunio/track_i20200616-101203.jpg
2020-06-16 10:12:04,436 Robot target object height and range: 32 | 2144.2335766423357
2020-06-16 10:12:04,483 track image file: /home/pi/RPi-Ardunio/track_i20200616-101203.jpg
2020-06-16 10:12:05,197 Robot target object height and range: 32 | 2144.2335766423357
2020-06-16 10:12:05,238 Running job Every 1.0 second do i_capture('track_i') (last run: 2020-06-16 10:12:03, next run: 2020-06-16 10:12:04)
2020-06-16 10:12:05,780 File name: /home/pi/RPi-Ardunio/track_i20200616-101205.jpg
2020-06-16 10:12:05,783 track image file: /home/pi/RPi-Ardunio/track_i20200616-101205.jpg
2020-06-16 10:12:06,054 ctrl-c detected
